[debug] [2022-10-06T15:34:42.505Z] ----------------------------------------------------------------------
[debug] [2022-10-06T15:34:42.508Z] Command:       C:\Program Files\nodejs\node.exe C:\Users\Yash\AppData\Roaming\npm\node_modules\firebase-tools\lib\bin\firebase.js init
[debug] [2022-10-06T15:34:42.509Z] CLI Version:   11.14.0
[debug] [2022-10-06T15:34:42.509Z] Platform:      win32
[debug] [2022-10-06T15:34:42.509Z] Node Version:  v16.16.0
[debug] [2022-10-06T15:34:42.511Z] Time:          Thu Oct 06 2022 21:04:42 GMT+0530 (India Standard Time)
[debug] [2022-10-06T15:34:42.512Z] ----------------------------------------------------------------------
[debug] 
[debug] [2022-10-06T15:34:42.522Z] > command requires scopes: ["email","openid","https://www.googleapis.com/auth/cloudplatformprojects.readonly","https://www.googleapis.com/auth/firebase","https://www.googleapis.com/auth/cloud-platform"]
[debug] [2022-10-06T15:34:42.523Z] > authorizing via signed-in user (yashchourasiya189@gmail.com)
[info] 
     ######## #### ########  ######## ########     ###     ######  ########
     ##        ##  ##     ## ##       ##     ##  ##   ##  ##       ##
     ######    ##  ########  ######   ########  #########  ######  ######
     ##        ##  ##    ##  ##       ##     ## ##     ##       ## ##
     ##       #### ##     ## ######## ########  ##     ##  ######  ########

You're about to initialize a Firebase project in this directory:

  C:\Artificial\Web Development\Projects\amazon-clone

Before we get started, keep in mind:

  * You are currently outside your home directory

[info] 
=== Project Setup
[info] 
[info] First, let's associate this project directory with a Firebase project.
[info] You can create multiple project aliases by running firebase use --add, 
[info] but for now we'll just set up a default project.
[info] 
[debug] [2022-10-06T15:41:12.109Z] >>> [apiv2][query] GET https://firebase.googleapis.com/v1beta1/projects pageSize=100
[debug] [2022-10-06T15:41:13.502Z] <<< [apiv2][status] GET https://firebase.googleapis.com/v1beta1/projects 200
[debug] [2022-10-06T15:41:13.502Z] <<< [apiv2][body] GET https://firebase.googleapis.com/v1beta1/projects [omitted]
[info] i  Using project clone-478e5 (Amazon-clone) 
[info] 
=== Hosting Setup
[info] 
[info] Your public directory is the folder (relative to your project directory) that
[info] will contain Hosting assets to be uploaded with firebase deploy. If you
[info] have a build process for your assets, use your build's output directory.
[info] 
[debug] [2022-10-06T15:42:43.062Z] >>> [apiv2][query] GET https://www.gstatic.com/firebasejs/releases.json [none]
[debug] [2022-10-06T15:42:44.374Z] <<< [apiv2][status] GET https://www.gstatic.com/firebasejs/releases.json 200
[debug] [2022-10-06T15:42:44.374Z] <<< [apiv2][body] GET https://www.gstatic.com/firebasejs/releases.json {"current":{"version":"9.10.0","browserURL":"https://www.gstatic.com/firebasejs/9.10.0/firebase.js","packageURL":"https://www.gstatic.com/firebasejs/9.10.0/firebase.tgz"},"live":{"version":"9.10","browserURL":"https://www.gstatic.com/firebasejs/live/9.10/firebase.js","packageURL":"https://www.gstatic.com/firebasejs/live/9.10/firebase.tgz"},"components":{"analytics":"https://www.gstatic.com/firebasejs/9.10.0/firebase-analytics.js","app":"https://www.gstatic.com/firebasejs/9.10.0/firebase-app.js","app-check":"https://www.gstatic.com/firebasejs/9.10.0/firebase-app-check.js","auth":"https://www.gstatic.com/firebasejs/9.10.0/firebase-auth.js","auth/cordova":"https://www.gstatic.com/firebasejs/9.10.0/firebase-auth/cordova.js","auth/react-native":"https://www.gstatic.com/firebasejs/9.10.0/firebase-auth/react-native.js","functions":"https://www.gstatic.com/firebasejs/9.10.0/firebase-functions.js","firestore":"https://www.gstatic.com/firebasejs/9.10.0/firebase-firestore.js","firestore/lite":"https://www.gstatic.com/firebasejs/9.10.0/firebase-firestore/lite.js","installations":"https://www.gstatic.com/firebasejs/9.10.0/firebase-installations.js","storage":"https://www.gstatic.com/firebasejs/9.10.0/firebase-storage.js","performance":"https://www.gstatic.com/firebasejs/9.10.0/firebase-performance.js","remote-config":"https://www.gstatic.com/firebasejs/9.10.0/firebase-remote-config.js","messaging":"https://www.gstatic.com/firebasejs/9.10.0/firebase-messaging.js","messaging/sw":"https://www.gstatic.com/firebasejs/9.10.0/firebase-messaging/sw.js","database":"https://www.gstatic.com/firebasejs/9.10.0/firebase-database.js","firestore.memory":"https://www.gstatic.com/firebasejs/9.10.0/firebase-firestore.memory.js"}}
[info] +  Wrote build/index.html 
[info] 
[info] i  Didn't detect a .git folder. Assuming C:\Artificial\Web Development\Projects\amazon-clone is the project root. 
[info] i  Authorizing with GitHub to upload your service account to a GitHub repository's secrets store. 
[info] 
[info] Visit this URL on this device to log in:
[info] https://github.com/login/oauth/authorize?client_id=89cf50f02ac6aaed3484&state=890777532&redirect_uri=http%3A%2F%2Flocalhost%3A9005&scope=read%3Auser%20repo%20public_repo
[info] 
[info] Waiting for authentication...
[debug] [2022-10-06T15:43:15.874Z] >>> [apiv2][query] POST https://github.com/login/oauth/access_token [none]
[debug] [2022-10-06T15:43:15.874Z] >>> [apiv2][body] POST https://github.com/login/oauth/access_token [stream]
[debug] [2022-10-06T15:43:19.797Z] <<< [apiv2][status] POST https://github.com/login/oauth/access_token 200
[debug] [2022-10-06T15:43:19.797Z] <<< [apiv2][body] POST https://github.com/login/oauth/access_token {"access_token":"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","token_type":"bearer","scope":"read:user,repo"}
[debug] [2022-10-06T15:43:19.809Z] >>> [apiv2][query] GET https://api.github.com/user [none]
[debug] [2022-10-06T15:43:21.963Z] <<< [apiv2][status] GET https://api.github.com/user 200
[debug] [2022-10-06T15:43:21.963Z] <<< [apiv2][body] GET https://api.github.com/user {"login":"itsyashc","id":91166663,"node_id":"MDQ6VXNlcjkxMTY2NjYz","avatar_url":"https://avatars.githubusercontent.com/u/91166663?v=4","gravatar_id":"","url":"https://api.github.com/users/itsyashc","html_url":"https://github.com/itsyashc","followers_url":"https://api.github.com/users/itsyashc/followers","following_url":"https://api.github.com/users/itsyashc/following{/other_user}","gists_url":"https://api.github.com/users/itsyashc/gists{/gist_id}","starred_url":"https://api.github.com/users/itsyashc/starred{/owner}{/repo}","subscriptions_url":"https://api.github.com/users/itsyashc/subscriptions","organizations_url":"https://api.github.com/users/itsyashc/orgs","repos_url":"https://api.github.com/users/itsyashc/repos","events_url":"https://api.github.com/users/itsyashc/events{/privacy}","received_events_url":"https://api.github.com/users/itsyashc/received_events","type":"User","site_admin":false,"name":"Yash Chourasiya","company":null,"blog":"","location":"Bareli, MP, India.","email":null,"hireable":null,"bio":"Another Self-taught Web Developer.","twitter_username":"itsyashc","public_repos":17,"public_gists":0,"followers":9,"following":7,"created_at":"2021-09-22T00:39:15Z","updated_at":"2022-09-28T05:15:27Z","private_gists":0,"total_private_repos":2,"owned_private_repos":2,"disk_usage":15062,"collaborators":0,"two_factor_authentication":false,"plan":{"name":"free","space":976562499,"collaborators":0,"private_repos":10000}}
[info] 
[info] +  Success! Logged into GitHub as itsyashc 
[info] 
[debug] [2022-10-06T15:44:22.434Z] >>> [apiv2][query] GET https://api.github.com/repos/repository/actions/secrets/public-key type=owner
[debug] [2022-10-06T15:44:25.034Z] <<< [apiv2][status] GET https://api.github.com/repos/repository/actions/secrets/public-key 404
[debug] [2022-10-06T15:44:25.034Z] <<< [apiv2][body] GET https://api.github.com/repos/repository/actions/secrets/public-key {"message":"Not Found","documentation_url":"https://docs.github.com/rest"}
[debug] [2022-10-06T15:44:52.919Z] >>> [apiv2][query] GET https://api.github.com/repos/amazon-clone/actions/secrets/public-key type=owner
[debug] [2022-10-06T15:44:55.833Z] <<< [apiv2][status] GET https://api.github.com/repos/amazon-clone/actions/secrets/public-key 404
[debug] [2022-10-06T15:44:55.833Z] <<< [apiv2][body] GET https://api.github.com/repos/amazon-clone/actions/secrets/public-key {"message":"Not Found","documentation_url":"https://docs.github.com/rest"}
[debug] [2022-10-06T15:47:01.495Z] >>> [apiv2][query] GET https://api.github.com/repos/Amazon-clone/actions/secrets/public-key type=owner
[debug] [2022-10-06T15:47:04.329Z] <<< [apiv2][status] GET https://api.github.com/repos/Amazon-clone/actions/secrets/public-key 404
[debug] [2022-10-06T15:47:04.329Z] <<< [apiv2][body] GET https://api.github.com/repos/Amazon-clone/actions/secrets/public-key {"message":"Not Found","documentation_url":"https://docs.github.com/rest"}
[debug] [2022-10-06T15:49:04.933Z] >>> [apiv2][query] GET https://api.github.com/repos/Amazon-clone/actions/secrets/public-key type=owner
[debug] [2022-10-06T15:49:07.961Z] <<< [apiv2][status] GET https://api.github.com/repos/Amazon-clone/actions/secrets/public-key 404
[debug] [2022-10-06T15:49:07.962Z] <<< [apiv2][body] GET https://api.github.com/repos/Amazon-clone/actions/secrets/public-key {"message":"Not Found","documentation_url":"https://docs.github.com/rest"}
[debug] [2022-10-06T15:50:39.490Z] ----------------------------------------------------------------------
[debug] [2022-10-06T15:50:39.493Z] Command:       C:\Program Files\nodejs\node.exe C:\Users\Yash\AppData\Roaming\npm\node_modules\firebase-tools\lib\bin\firebase.js init
[debug] [2022-10-06T15:50:39.494Z] CLI Version:   11.14.0
[debug] [2022-10-06T15:50:39.494Z] Platform:      win32
[debug] [2022-10-06T15:50:39.494Z] Node Version:  v16.16.0
[debug] [2022-10-06T15:50:39.496Z] Time:          Thu Oct 06 2022 21:20:39 GMT+0530 (India Standard Time)
[debug] [2022-10-06T15:50:39.496Z] ----------------------------------------------------------------------
[debug] 
[debug] [2022-10-06T15:50:39.506Z] > command requires scopes: ["email","openid","https://www.googleapis.com/auth/cloudplatformprojects.readonly","https://www.googleapis.com/auth/firebase","https://www.googleapis.com/auth/cloud-platform"]
[debug] [2022-10-06T15:50:39.507Z] > authorizing via signed-in user (yashchourasiya189@gmail.com)
[info] 
     ######## #### ########  ######## ########     ###     ######  ########
     ##        ##  ##     ## ##       ##     ##  ##   ##  ##       ##
     ######    ##  ########  ######   ########  #########  ######  ######
     ##        ##  ##    ##  ##       ##     ## ##     ##       ## ##
     ##       #### ##     ## ######## ########  ##     ##  ######  ########

You're about to initialize a Firebase project in this directory:

  C:\Artificial\Web Development\Projects\amazon-clone

Before we get started, keep in mind:

  * You are currently outside your home directory

